c:\users\martin\onedrive\documents\github\c---programs\memory_allocation\memory_allocation\x64\debug\vc143.pdb
c:\users\martin\onedrive\documents\github\c---programs\memory_allocation\memory_allocation\x64\debug\vc143.idb
c:\users\martin\onedrive\documents\github\c---programs\memory_allocation\memory_allocation\x64\debug\writing_to_memory.obj
c:\users\martin\onedrive\documents\github\c---programs\memory_allocation\memory_allocation\x64\debug\writing_to_memory2.obj
c:\users\martin\onedrive\documents\github\c---programs\memory_allocation\memory_allocation\x64\debug\memory_allocation.ilk
c:\users\martin\onedrive\documents\github\c---programs\memory_allocation\x64\debug\memory_allocation.pdb
c:\users\martin\onedrive\documents\github\c---programs\memory_allocation\memory_allocation\x64\debug\memory_a.c1212315.tlog\cl.command.1.tlog
c:\users\martin\onedrive\documents\github\c---programs\memory_allocation\memory_allocation\x64\debug\memory_a.c1212315.tlog\cl.items.tlog
c:\users\martin\onedrive\documents\github\c---programs\memory_allocation\memory_allocation\x64\debug\memory_a.c1212315.tlog\cl.read.1.tlog
c:\users\martin\onedrive\documents\github\c---programs\memory_allocation\memory_allocation\x64\debug\memory_a.c1212315.tlog\cl.write.1.tlog
c:\users\martin\onedrive\documents\github\c---programs\memory_allocation\memory_allocation\x64\debug\memory_a.c1212315.tlog\link-cvtres.read.1.tlog
c:\users\martin\onedrive\documents\github\c---programs\memory_allocation\memory_allocation\x64\debug\memory_a.c1212315.tlog\link-cvtres.write.1.tlog
c:\users\martin\onedrive\documents\github\c---programs\memory_allocation\memory_allocation\x64\debug\memory_a.c1212315.tlog\link-rc.read.1.tlog
c:\users\martin\onedrive\documents\github\c---programs\memory_allocation\memory_allocation\x64\debug\memory_a.c1212315.tlog\link-rc.write.1.tlog
c:\users\martin\onedrive\documents\github\c---programs\memory_allocation\memory_allocation\x64\debug\memory_a.c1212315.tlog\link.4652-cvtres.read.1.tlog
c:\users\martin\onedrive\documents\github\c---programs\memory_allocation\memory_allocation\x64\debug\memory_a.c1212315.tlog\link.4652-cvtres.write.1.tlog
c:\users\martin\onedrive\documents\github\c---programs\memory_allocation\memory_allocation\x64\debug\memory_a.c1212315.tlog\link.4652-rc.read.1.tlog
c:\users\martin\onedrive\documents\github\c---programs\memory_allocation\memory_allocation\x64\debug\memory_a.c1212315.tlog\link.4652-rc.write.1.tlog
c:\users\martin\onedrive\documents\github\c---programs\memory_allocation\memory_allocation\x64\debug\memory_a.c1212315.tlog\link.4652.read.1.tlog
c:\users\martin\onedrive\documents\github\c---programs\memory_allocation\memory_allocation\x64\debug\memory_a.c1212315.tlog\link.4652.read.2.tlog
c:\users\martin\onedrive\documents\github\c---programs\memory_allocation\memory_allocation\x64\debug\memory_a.c1212315.tlog\link.4652.read.3.tlog
c:\users\martin\onedrive\documents\github\c---programs\memory_allocation\memory_allocation\x64\debug\memory_a.c1212315.tlog\link.4652.read.4.tlog
c:\users\martin\onedrive\documents\github\c---programs\memory_allocation\memory_allocation\x64\debug\memory_a.c1212315.tlog\link.4652.read.5.tlog
c:\users\martin\onedrive\documents\github\c---programs\memory_allocation\memory_allocation\x64\debug\memory_a.c1212315.tlog\link.4652.read.6.tlog
c:\users\martin\onedrive\documents\github\c---programs\memory_allocation\memory_allocation\x64\debug\memory_a.c1212315.tlog\link.4652.write.1.tlog
c:\users\martin\onedrive\documents\github\c---programs\memory_allocation\memory_allocation\x64\debug\memory_a.c1212315.tlog\link.command.1.tlog
c:\users\martin\onedrive\documents\github\c---programs\memory_allocation\memory_allocation\x64\debug\memory_a.c1212315.tlog\link.read.1.tlog
c:\users\martin\onedrive\documents\github\c---programs\memory_allocation\memory_allocation\x64\debug\memory_a.c1212315.tlog\link.read.2.tlog
c:\users\martin\onedrive\documents\github\c---programs\memory_allocation\memory_allocation\x64\debug\memory_a.c1212315.tlog\link.read.3.tlog
c:\users\martin\onedrive\documents\github\c---programs\memory_allocation\memory_allocation\x64\debug\memory_a.c1212315.tlog\link.read.4.tlog
c:\users\martin\onedrive\documents\github\c---programs\memory_allocation\memory_allocation\x64\debug\memory_a.c1212315.tlog\link.read.5.tlog
c:\users\martin\onedrive\documents\github\c---programs\memory_allocation\memory_allocation\x64\debug\memory_a.c1212315.tlog\link.read.6.tlog
c:\users\martin\onedrive\documents\github\c---programs\memory_allocation\memory_allocation\x64\debug\memory_a.c1212315.tlog\link.secondary.1.tlog
c:\users\martin\onedrive\documents\github\c---programs\memory_allocation\memory_allocation\x64\debug\memory_a.c1212315.tlog\link.write.1.tlog
